Arguments: 
  /usr/local/Cellar/node/10.7.0/bin/node /usr/local/bin/yarn dev

PATH: 
  /usr/local/bin:/usr/bin:/bin:/usr/sbin:/sbin:/usr/local/share/dotnet:~/.dotnet/tools:/Library/Frameworks/Mono.framework/Versions/Current/Commands:/Applications/Xamarin Workbooks.app/Contents/SharedSupport/path-bin

Yarn version: 
  1.13.0

Node version: 
  10.7.0

Platform: 
  darwin x64

Trace: 
  SyntaxError: /Users/chaosdoggs/Desktop/Activ8/package.json: Unexpected token < in JSON at position 141
      at JSON.parse (<anonymous>)
      at /usr/local/lib/node_modules/yarn/lib/cli.js:1625:59
      at Generator.next (<anonymous>)
      at step (/usr/local/lib/node_modules/yarn/lib/cli.js:304:30)
      at /usr/local/lib/node_modules/yarn/lib/cli.js:315:13

npm manifest: 
  {
    "name": "react-template",
    "version": "0.1.0",
    "private": true,
    "dependencies": {
      "axios": "^0.16.2",
      "bcryptjs": "^2.4.3",
  <<<<<<< HEAD
      "body-parser": "^1.17.2",
      "chart.js": "^2.7.3",
  =======
      "body-parser": "^1.18.3",
  >>>>>>> 088c7e90f30a4ad728ecdde5e9017bbc235503a3
      "connect-mongo": "^1.3.2",
      "dotenv": "^4.0.0",
      "express": "^4.16.4",
      "express-session": "^1.15.6",
      "mdbreact": "^4.10.0",
      "mongoose": "^4.13.18",
      "morgan": "^1.9.1",
      "node-cron": "^2.0.3",
      "nodemon": "^1.18.10",
      "passport": "^0.3.2",
      "passport-google-oauth": "^1.0.0",
      "passport-google-oauth20": "^1.0.0",
      "passport-local": "^1.0.0",
  <<<<<<< HEAD
      "react": "^15.5.4",
      "react-chartjs-2": "^2.7.4",
      "react-dom": "^15.5.4",
      "react-router-dom": "^4.1.2"
  =======
      "react": "^15.6.2",
      "react-dom": "^15.6.2",
      "react-router-dom": "^4.3.1"
  >>>>>>> 088c7e90f30a4ad728ecdde5e9017bbc235503a3
    },
    "devDependencies": {
      "concurrently": "^3.5.0",
      "react-scripts": "^2.1.3"
    },
    "scripts": {
      "start": "export NODE_ENV=\"production\" && node server/server.js",
      "build": "react-scripts build",
      "test": "react-scripts test --env=jsdom",
      "eject": "react-scripts eject",
      "dev": "concurrently \"react-scripts start\" \"nodemon server/server.js\"",
      "prod": "export NODE_ENV=\"production\" && nodemon server/server.js",
      "win": "set NODE_ENV=production&&nodemon server/server.js --history-api-fallback"
    },
    "proxy": "http://localhost:8080",
    "browserslist": [
      ">0.2%",
      "not dead",
      "not ie <= 11",
      "not op_mini all"
    ]
  }

yarn manifest: 
  No manifest

Lockfile: 
  No lockfile
